# JRE version: Java(TM) SE Runtime Environment (19.0.2+7) (build 19.0.2+7-44)
# Java VM: Java HotSpot(TM) 64-Bit Server VM (19.0.2+7-44, mixed mode, sharing, tiered, compressed oops, compressed class ptrs, g1 gc, windows-amd64)
GC Precious Log:
 CardTable entry size: 512
 Card Set container configuration: InlinePtr #cards 5 size 8 Array Of Cards #cards 12 size 40 Howl #buckets 4 coarsen threshold 1843 Howl Bitmap #cards 512 size 80 coarsen threshold 460 Card regions per heap region 1 cards per card region 2048
 CPUs: 2 total, 2 available
 Memory: 3977M
 Large Page Support: Disabled
 NUMA Support: Disabled
 Compressed Oops: Enabled (32-bit)
 Heap Region Size: 1M
 Heap Min Capacity: 8M
 Heap Initial Capacity: 64M
 Heap Max Capacity: 996M
 Pre-touch: Disabled
 Parallel Workers: 2
 Concurrent Workers: 1
 Concurrent Refinement Workers: 2
 Periodic GC: Disabled
Heap:
 garbage-first heap   total 40960K, used 14416K [0x00000000c1c00000, 0x0000000100000000)
  region size 1024K, 4 young (4096K), 1 survivors (1024K)
 Metaspace       used 31616K, committed 31936K, reserved 1114112K
  class space    used 3555K, committed 3712K, reserved 1048576K
GC Heap History (14 events):
Event: 1.533 GC heap before
{Heap before GC invocations=0 (full 0):
 garbage-first heap   total 65536K, used 6144K [0x00000000c1c00000, 0x0000000100000000)
  region size 1024K, 6 young (6144K), 0 survivors (0K)
 Metaspace       used 2111K, committed 2240K, reserved 1114112K
  class space    used 216K, committed 256K, reserved 1048576K
}
Event: 1.546 GC heap after
{Heap after GC invocations=1 (full 0):
 garbage-first heap   total 65536K, used 2402K [0x00000000c1c00000, 0x0000000100000000)
  region size 1024K, 1 young (1024K), 1 survivors (1024K)
 Metaspace       used 2111K, committed 2240K, reserved 1114112K
  class space    used 216K, committed 256K, reserved 1048576K
}
Event: 1.947 GC heap before
{Heap before GC invocations=1 (full 0):
 garbage-first heap   total 65536K, used 5474K [0x00000000c1c00000, 0x0000000100000000)
  region size 1024K, 5 young (5120K), 1 survivors (1024K)
 Metaspace       used 3942K, committed 4096K, reserved 1114112K
  class space    used 381K, committed 448K, reserved 1048576K
}
Event: 1.951 GC heap after
{Heap after GC invocations=2 (full 0):
 garbage-first heap   total 65536K, used 2908K [0x00000000c1c00000, 0x0000000100000000)
  region size 1024K, 1 young (1024K), 1 survivors (1024K)
 Metaspace       used 3942K, committed 4096K, reserved 1114112K
  class space    used 381K, committed 448K, reserved 1048576K
}
Event: 2.515 GC heap before
{Heap before GC invocations=2 (full 0):
 garbage-first heap   total 65536K, used 12124K [0x00000000c1c00000, 0x0000000100000000)
  region size 1024K, 11 young (11264K), 1 survivors (1024K)
 Metaspace       used 7141K, committed 7296K, reserved 1114112K
  class space    used 736K, committed 768K, reserved 1048576K
}
Event: 2.520 GC heap after
{Heap after GC invocations=3 (full 0):
 garbage-first heap   total 65536K, used 4147K [0x00000000c1c00000, 0x0000000100000000)
  region size 1024K, 2 young (2048K), 2 survivors (2048K)
 Metaspace       used 7141K, committed 7296K, reserved 1114112K
  class space    used 736K, committed 768K, reserved 1048576K
}
Event: 5.578 GC heap before
{Heap before GC invocations=3 (full 0):
 garbage-first heap   total 65536K, used 26675K [0x00000000c1c00000, 0x0000000100000000)
  region size 1024K, 25 young (25600K), 2 survivors (2048K)
 Metaspace       used 14332K, committed 14656K, reserved 1114112K
  class space    used 1521K, committed 1664K, reserved 1048576K
}
Event: 5.596 GC heap after
{Heap after GC invocations=4 (full 0):
 garbage-first heap   total 65536K, used 7391K [0x00000000c1c00000, 0x0000000100000000)
  region size 1024K, 4 young (4096K), 4 survivors (4096K)
 Metaspace       used 14332K, committed 14656K, reserved 1114112K
  class space    used 1521K, committed 1664K, reserved 1048576K
}
Event: 9.031 GC heap before
{Heap before GC invocations=4 (full 0):
 garbage-first heap   total 65536K, used 29919K [0x00000000c1c00000, 0x0000000100000000)
  region size 1024K, 28 young (28672K), 4 survivors (4096K)
 Metaspace       used 21164K, committed 21504K, reserved 1114112K
  class space    used 2338K, committed 2496K, reserved 1048576K
}
Event: 9.071 GC heap after
{Heap after GC invocations=5 (full 0):
 garbage-first heap   total 65536K, used 10766K [0x00000000c1c00000, 0x0000000100000000)
  region size 1024K, 4 young (4096K), 4 survivors (4096K)
 Metaspace       used 21164K, committed 21504K, reserved 1114112K
  class space    used 2338K, committed 2496K, reserved 1048576K
}
Event: 13.600 GC heap before
{Heap before GC invocations=6 (full 0):
 garbage-first heap   total 40960K, used 30222K [0x00000000c1c00000, 0x0000000100000000)
  region size 1024K, 24 young (24576K), 4 survivors (4096K)
 Metaspace       used 30881K, committed 31168K, reserved 1114112K
  class space    used 3462K, committed 3584K, reserved 1048576K
}
Event: 13.647 GC heap after
{Heap after GC invocations=7 (full 0):
 garbage-first heap   total 40960K, used 12793K [0x00000000c1c00000, 0x0000000100000000)
  region size 1024K, 3 young (3072K), 3 survivors (3072K)
 Metaspace       used 30881K, committed 31168K, reserved 1114112K
  class space    used 3462K, committed 3584K, reserved 1048576K
}
Event: 15.040 GC heap before
{Heap before GC invocations=7 (full 0):
 garbage-first heap   total 40960K, used 13817K [0x00000000c1c00000, 0x0000000100000000)
  region size 1024K, 4 young (4096K), 3 survivors (3072K)
 Metaspace       used 31095K, committed 31424K, reserved 1114112K
  class space    used 3488K, committed 3648K, reserved 1048576K
}
Event: 15.057 GC heap after
{Heap after GC invocations=8 (full 0):
 garbage-first heap   total 40960K, used 13392K [0x00000000c1c00000, 0x0000000100000000)
  region size 1024K, 1 young (1024K), 1 survivors (1024K)
 Metaspace       used 31095K, committed 31424K, reserved 1114112K
  class space    used 3488K, committed 3648K, reserved 1048576K
}

