# JRE version: Java(TM) SE Runtime Environment (19.0.2+7) (build 19.0.2+7-44)
# Java VM: Java HotSpot(TM) 64-Bit Server VM (19.0.2+7-44, mixed mode, sharing, tiered, compressed oops, compressed class ptrs, g1 gc, windows-amd64)
GC Precious Log:
 CardTable entry size: 512
 Card Set container configuration: InlinePtr #cards 5 size 8 Array Of Cards #cards 12 size 40 Howl #buckets 4 coarsen threshold 1843 Howl Bitmap #cards 512 size 80 coarsen threshold 460 Card regions per heap region 1 cards per card region 2048
 CPUs: 2 total, 2 available
 Memory: 3977M
 Large Page Support: Disabled
 NUMA Support: Disabled
 Compressed Oops: Enabled (32-bit)
 Heap Region Size: 1M
 Heap Min Capacity: 8M
 Heap Initial Capacity: 64M
 Heap Max Capacity: 996M
 Pre-touch: Disabled
 Parallel Workers: 2
 Concurrent Workers: 1
 Concurrent Refinement Workers: 2
 Periodic GC: Disabled
Heap:
 garbage-first heap   total 34816K, used 15021K [0x00000000c1c00000, 0x0000000100000000)
  region size 1024K, 5 young (5120K), 1 survivors (1024K)
 Metaspace       used 30146K, committed 30400K, reserved 1114112K
  class space    used 3423K, committed 3520K, reserved 1048576K
GC Heap History (14 events):
Event: 0.837 GC heap before
{Heap before GC invocations=0 (full 0):
 garbage-first heap   total 65536K, used 6144K [0x00000000c1c00000, 0x0000000100000000)
  region size 1024K, 6 young (6144K), 0 survivors (0K)
 Metaspace       used 2099K, committed 2240K, reserved 1114112K
  class space    used 216K, committed 256K, reserved 1048576K
}
Event: 0.844 GC heap after
{Heap after GC invocations=1 (full 0):
 garbage-first heap   total 65536K, used 2390K [0x00000000c1c00000, 0x0000000100000000)
  region size 1024K, 1 young (1024K), 1 survivors (1024K)
 Metaspace       used 2099K, committed 2240K, reserved 1114112K
  class space    used 216K, committed 256K, reserved 1048576K
}
Event: 1.141 GC heap before
{Heap before GC invocations=1 (full 0):
 garbage-first heap   total 65536K, used 5462K [0x00000000c1c00000, 0x0000000100000000)
  region size 1024K, 5 young (5120K), 1 survivors (1024K)
 Metaspace       used 3940K, committed 4096K, reserved 1114112K
  class space    used 382K, committed 448K, reserved 1048576K
}
Event: 1.145 GC heap after
{Heap after GC invocations=2 (full 0):
 garbage-first heap   total 65536K, used 2847K [0x00000000c1c00000, 0x0000000100000000)
  region size 1024K, 1 young (1024K), 1 survivors (1024K)
 Metaspace       used 3940K, committed 4096K, reserved 1114112K
  class space    used 382K, committed 448K, reserved 1048576K
}
Event: 1.806 GC heap before
{Heap before GC invocations=2 (full 0):
 garbage-first heap   total 65536K, used 12063K [0x00000000c1c00000, 0x0000000100000000)
  region size 1024K, 11 young (11264K), 1 survivors (1024K)
 Metaspace       used 7131K, committed 7296K, reserved 1114112K
  class space    used 736K, committed 768K, reserved 1048576K
}
Event: 1.811 GC heap after
{Heap after GC invocations=3 (full 0):
 garbage-first heap   total 65536K, used 4040K [0x00000000c1c00000, 0x0000000100000000)
  region size 1024K, 2 young (2048K), 2 survivors (2048K)
 Metaspace       used 7131K, committed 7296K, reserved 1114112K
  class space    used 736K, committed 768K, reserved 1048576K
}
Event: 6.720 GC heap before
{Heap before GC invocations=3 (full 0):
 garbage-first heap   total 65536K, used 25544K [0x00000000c1c00000, 0x0000000100000000)
  region size 1024K, 24 young (24576K), 2 survivors (2048K)
 Metaspace       used 14331K, committed 14656K, reserved 1114112K
  class space    used 1589K, committed 1728K, reserved 1048576K
}
Event: 6.732 GC heap after
{Heap after GC invocations=4 (full 0):
 garbage-first heap   total 65536K, used 5987K [0x00000000c1c00000, 0x0000000100000000)
  region size 1024K, 3 young (3072K), 3 survivors (3072K)
 Metaspace       used 14331K, committed 14656K, reserved 1114112K
  class space    used 1589K, committed 1728K, reserved 1048576K
}
Event: 8.872 GC heap before
{Heap before GC invocations=4 (full 0):
 garbage-first heap   total 65536K, used 30563K [0x00000000c1c00000, 0x0000000100000000)
  region size 1024K, 28 young (28672K), 3 survivors (3072K)
 Metaspace       used 21198K, committed 21504K, reserved 1114112K
  class space    used 2371K, committed 2560K, reserved 1048576K
}
Event: 8.895 GC heap after
{Heap after GC invocations=5 (full 0):
 garbage-first heap   total 65536K, used 9586K [0x00000000c1c00000, 0x0000000100000000)
  region size 1024K, 5 young (5120K), 5 survivors (5120K)
 Metaspace       used 21198K, committed 21504K, reserved 1114112K
  class space    used 2371K, committed 2560K, reserved 1048576K
}
Event: 11.913 GC heap before
{Heap before GC invocations=6 (full 0):
 garbage-first heap   total 34816K, used 24946K [0x00000000c1c00000, 0x0000000100000000)
  region size 1024K, 20 young (20480K), 5 survivors (5120K)
 Metaspace       used 29530K, committed 29888K, reserved 1114112K
  class space    used 3345K, committed 3520K, reserved 1048576K
}
Event: 11.935 GC heap after
{Heap after GC invocations=7 (full 0):
 garbage-first heap   total 34816K, used 11504K [0x00000000c1c00000, 0x0000000100000000)
  region size 1024K, 2 young (2048K), 2 survivors (2048K)
 Metaspace       used 29530K, committed 29888K, reserved 1114112K
  class space    used 3345K, committed 3520K, reserved 1048576K
}
Event: 13.241 GC heap before
{Heap before GC invocations=7 (full 0):
 garbage-first heap   total 34816K, used 12528K [0x00000000c1c00000, 0x0000000100000000)
  region size 1024K, 3 young (3072K), 2 survivors (2048K)
 Metaspace       used 29679K, committed 30016K, reserved 1114112K
  class space    used 3367K, committed 3520K, reserved 1048576K
}
Event: 13.250 GC heap after
{Heap after GC invocations=8 (full 0):
 garbage-first heap   total 34816K, used 11949K [0x00000000c1c00000, 0x0000000100000000)
  region size 1024K, 1 young (1024K), 1 survivors (1024K)
 Metaspace       used 29679K, committed 30016K, reserved 1114112K
  class space    used 3367K, committed 3520K, reserved 1048576K
}

