# JRE version: Java(TM) SE Runtime Environment (19.0.2+7) (build 19.0.2+7-44)
# Java VM: Java HotSpot(TM) 64-Bit Server VM (19.0.2+7-44, mixed mode, sharing, tiered, compressed oops, compressed class ptrs, g1 gc, windows-amd64)
GC Precious Log:
 CardTable entry size: 512
 Card Set container configuration: InlinePtr #cards 5 size 8 Array Of Cards #cards 12 size 40 Howl #buckets 4 coarsen threshold 1843 Howl Bitmap #cards 512 size 80 coarsen threshold 460 Card regions per heap region 1 cards per card region 2048
 CPUs: 2 total, 2 available
 Memory: 3977M
 Large Page Support: Disabled
 NUMA Support: Disabled
 Compressed Oops: Enabled (32-bit)
 Heap Region Size: 1M
 Heap Min Capacity: 8M
 Heap Initial Capacity: 64M
 Heap Max Capacity: 996M
 Pre-touch: Disabled
 Parallel Workers: 2
 Concurrent Workers: 1
 Concurrent Refinement Workers: 2
 Periodic GC: Disabled
Heap:
 garbage-first heap   total 34816K, used 13193K [0x00000000c1c00000, 0x0000000100000000)
  region size 1024K, 4 young (4096K), 1 survivors (1024K)
 Metaspace       used 30197K, committed 30528K, reserved 1114112K
  class space    used 3423K, committed 3520K, reserved 1048576K
GC Heap History (14 events):
Event: 0.785 GC heap before
{Heap before GC invocations=0 (full 0):
 garbage-first heap   total 65536K, used 6144K [0x00000000c1c00000, 0x0000000100000000)
  region size 1024K, 6 young (6144K), 0 survivors (0K)
 Metaspace       used 2103K, committed 2240K, reserved 1114112K
  class space    used 216K, committed 256K, reserved 1048576K
}
Event: 0.791 GC heap after
{Heap after GC invocations=1 (full 0):
 garbage-first heap   total 65536K, used 2384K [0x00000000c1c00000, 0x0000000100000000)
  region size 1024K, 1 young (1024K), 1 survivors (1024K)
 Metaspace       used 2103K, committed 2240K, reserved 1114112K
  class space    used 216K, committed 256K, reserved 1048576K
}
Event: 1.075 GC heap before
{Heap before GC invocations=1 (full 0):
 garbage-first heap   total 65536K, used 5456K [0x00000000c1c00000, 0x0000000100000000)
  region size 1024K, 5 young (5120K), 1 survivors (1024K)
 Metaspace       used 3936K, committed 4096K, reserved 1114112K
  class space    used 381K, committed 448K, reserved 1048576K
}
Event: 1.078 GC heap after
{Heap after GC invocations=2 (full 0):
 garbage-first heap   total 65536K, used 2765K [0x00000000c1c00000, 0x0000000100000000)
  region size 1024K, 1 young (1024K), 1 survivors (1024K)
 Metaspace       used 3936K, committed 4096K, reserved 1114112K
  class space    used 381K, committed 448K, reserved 1048576K
}
Event: 1.586 GC heap before
{Heap before GC invocations=2 (full 0):
 garbage-first heap   total 65536K, used 11981K [0x00000000c1c00000, 0x0000000100000000)
  region size 1024K, 11 young (11264K), 1 survivors (1024K)
 Metaspace       used 7135K, committed 7296K, reserved 1114112K
  class space    used 736K, committed 768K, reserved 1048576K
}
Event: 1.592 GC heap after
{Heap after GC invocations=3 (full 0):
 garbage-first heap   total 65536K, used 4018K [0x00000000c1c00000, 0x0000000100000000)
  region size 1024K, 2 young (2048K), 2 survivors (2048K)
 Metaspace       used 7135K, committed 7296K, reserved 1114112K
  class space    used 736K, committed 768K, reserved 1048576K
}
Event: 4.359 GC heap before
{Heap before GC invocations=3 (full 0):
 garbage-first heap   total 65536K, used 26546K [0x00000000c1c00000, 0x0000000100000000)
  region size 1024K, 25 young (25600K), 2 survivors (2048K)
 Metaspace       used 14622K, committed 14976K, reserved 1114112K
  class space    used 1646K, committed 1792K, reserved 1048576K
}
Event: 4.371 GC heap after
{Heap after GC invocations=4 (full 0):
 garbage-first heap   total 65536K, used 6097K [0x00000000c1c00000, 0x0000000100000000)
  region size 1024K, 4 young (4096K), 4 survivors (4096K)
 Metaspace       used 14622K, committed 14976K, reserved 1114112K
  class space    used 1646K, committed 1792K, reserved 1048576K
}
Event: 6.737 GC heap before
{Heap before GC invocations=4 (full 0):
 garbage-first heap   total 65536K, used 29649K [0x00000000c1c00000, 0x0000000100000000)
  region size 1024K, 29 young (29696K), 4 survivors (4096K)
 Metaspace       used 21145K, committed 21504K, reserved 1114112K
  class space    used 2367K, committed 2496K, reserved 1048576K
}
Event: 6.778 GC heap after
{Heap after GC invocations=5 (full 0):
 garbage-first heap   total 65536K, used 9426K [0x00000000c1c00000, 0x0000000100000000)
  region size 1024K, 5 young (5120K), 5 survivors (5120K)
 Metaspace       used 21145K, committed 21504K, reserved 1114112K
  class space    used 2367K, committed 2496K, reserved 1048576K
}
Event: 10.955 GC heap before
{Heap before GC invocations=6 (full 0):
 garbage-first heap   total 34816K, used 24786K [0x00000000c1c00000, 0x0000000100000000)
  region size 1024K, 20 young (20480K), 5 survivors (5120K)
 Metaspace       used 29611K, committed 29952K, reserved 1114112K
  class space    used 3349K, committed 3520K, reserved 1048576K
}
Event: 10.981 GC heap after
{Heap after GC invocations=7 (full 0):
 garbage-first heap   total 34816K, used 11932K [0x00000000c1c00000, 0x0000000100000000)
  region size 1024K, 3 young (3072K), 3 survivors (3072K)
 Metaspace       used 29611K, committed 29952K, reserved 1114112K
  class space    used 3349K, committed 3520K, reserved 1048576K
}
Event: 12.703 GC heap before
{Heap before GC invocations=7 (full 0):
 garbage-first heap   total 34816K, used 11932K [0x00000000c1c00000, 0x0000000100000000)
  region size 1024K, 4 young (4096K), 3 survivors (3072K)
 Metaspace       used 29818K, committed 30144K, reserved 1114112K
  class space    used 3387K, committed 3520K, reserved 1048576K
}
Event: 12.714 GC heap after
{Heap after GC invocations=8 (full 0):
 garbage-first heap   total 34816K, used 12169K [0x00000000c1c00000, 0x0000000100000000)
  region size 1024K, 1 young (1024K), 1 survivors (1024K)
 Metaspace       used 29818K, committed 30144K, reserved 1114112K
  class space    used 3387K, committed 3520K, reserved 1048576K
}

